c:\users\guilh\projects\frogger\frogger\operator\x64\debug\vc143.pdb
c:\users\guilh\projects\frogger\frogger\operator\x64\debug\vc143.idb
c:\users\guilh\projects\frogger\frogger\operator\x64\debug\serverutil.obj
c:\users\guilh\projects\frogger\frogger\operator\x64\debug\operator.obj
c:\users\guilh\projects\frogger\frogger\x64\debug\operator.pdb
c:\users\guilh\projects\frogger\frogger\operator\x64\debug\operator.tlog\cl.command.1.tlog
c:\users\guilh\projects\frogger\frogger\operator\x64\debug\operator.tlog\cl.read.1.tlog
c:\users\guilh\projects\frogger\frogger\operator\x64\debug\operator.tlog\cl.write.1.tlog
c:\users\guilh\projects\frogger\frogger\operator\x64\debug\operator.tlog\link-cvtres.read.1.tlog
c:\users\guilh\projects\frogger\frogger\operator\x64\debug\operator.tlog\link-cvtres.write.1.tlog
c:\users\guilh\projects\frogger\frogger\operator\x64\debug\operator.tlog\link-rc.read.1.tlog
c:\users\guilh\projects\frogger\frogger\operator\x64\debug\operator.tlog\link-rc.write.1.tlog
c:\users\guilh\projects\frogger\frogger\operator\x64\debug\operator.tlog\link.13044-cvtres.read.1.tlog
c:\users\guilh\projects\frogger\frogger\operator\x64\debug\operator.tlog\link.13044-cvtres.write.1.tlog
c:\users\guilh\projects\frogger\frogger\operator\x64\debug\operator.tlog\link.13044-rc.read.1.tlog
c:\users\guilh\projects\frogger\frogger\operator\x64\debug\operator.tlog\link.13044-rc.write.1.tlog
c:\users\guilh\projects\frogger\frogger\operator\x64\debug\operator.tlog\link.13044.read.1.tlog
c:\users\guilh\projects\frogger\frogger\operator\x64\debug\operator.tlog\link.13044.read.2.tlog
c:\users\guilh\projects\frogger\frogger\operator\x64\debug\operator.tlog\link.13044.write.1.tlog
c:\users\guilh\projects\frogger\frogger\operator\x64\debug\operator.tlog\link.command.1.tlog
c:\users\guilh\projects\frogger\frogger\operator\x64\debug\operator.tlog\link.read.1.tlog
c:\users\guilh\projects\frogger\frogger\operator\x64\debug\operator.tlog\link.read.2.tlog
c:\users\guilh\projects\frogger\frogger\operator\x64\debug\operator.tlog\link.write.1.tlog
